build/app/outputs/mapping/release/mapping.txt
# compiler: R8
# compiler_version: 2.2.71
# min_api: 21
# pg_map_id: 1111edb
# common_typos_disable
...
com.google.android.gms.measurement.internal.zzhz -> com.google.android.gms.measurement.internal.g7:
    java.util.concurrent.atomic.AtomicReference zza -> o
    com.google.android.gms.measurement.internal.zzij zzb -> p
com.google.android.gms.measurement.internal.zzi -> com.google.android.gms.measurement.internal.h7:
    com.google.android.gms.internal.measurement.zzcf zza -> o
    com.google.android.gms.measurement.internal.AppMeasurementDynamiteService zzb -> p
com.google.android.gms.measurement.internal.zzia -> com.google.android.gms.measurement.internal.i7:
    java.util.concurrent.atomic.AtomicReference zza -> o
    com.google.android.gms.measurement.internal.zzij zzb -> p
com.google.android.gms.measurement.internal.zzib -> com.google.android.gms.measurement.internal.j7:
    java.util.concurrent.atomic.AtomicReference zza -> o
    com.google.android.gms.measurement.internal.zzij zzb -> p
com.google.android.gms.measurement.internal.zzic -> com.google.android.gms.measurement.internal.k7:
    java.util.concurrent.atomic.AtomicReference zza -> o
    com.google.android.gms.measurement.internal.zzij zzb -> p
com.google.android.gms.measurement.internal.zzid -> com.google.android.gms.measurement.internal.l7:
    java.lang.Boolean zza -> o
    com.google.android.gms.measurement.internal.zzij zzb -> p
com.google.android.gms.measurement.internal.zzie -> com.google.android.gms.measurement.internal.m7:
    com.google.android.gms.measurement.internal.zzij zzg -> u
    com.google.android.gms.measurement.internal.zzai zza -> o
    long zzd -> r
    com.google.android.gms.measurement.internal.zzai zzf -> t
    long zzb -> p
    boolean zze -> s
    int zzc -> q
com.google.android.gms.measurement.internal.zzif -> com.google.android.gms.measurement.internal.n7:
    com.google.android.gms.measurement.internal.zzij zzf -> t
    com.google.android.gms.measurement.internal.zzai zza -> o
    long zzc -> q
    com.google.android.gms.measurement.internal.zzai zze -> s
    boolean zzd -> r
    int zzb -> p
com.google.android.gms.measurement.internal.zzig -> com.google.android.gms.measurement.internal.o7:
    boolean zza -> o
    com.google.android.gms.measurement.internal.zzij zzb -> p
com.google.android.gms.measurement.internal.zzih -> com.google.android.gms.measurement.internal.p7:
    boolean zza -> o
    com.google.android.gms.measurement.internal.zzii zze -> s
    android.net.Uri zzb -> p
    java.lang.String zzc -> q
    java.lang.String zzd -> r
com.google.android.gms.measurement.internal.zzii -> com.google.android.gms.measurement.internal.q7:
    com.google.android.gms.measurement.internal.zzij zza -> o