build/app/outputs/mapping/release/usage.txt
vn.onlineoffice.www.oomessenger.Application
vn.onlineoffice.www.oomessenger.BuildConfig
vn.onlineoffice.www.oomessenger.R$anim
vn.onlineoffice.www.oomessenger.R$animator
vn.onlineoffice.www.oomessenger.R$array
vn.onlineoffice.www.oomessenger.R$attr
vn.onlineoffice.www.oomessenger.R$bool
vn.onlineoffice.www.oomessenger.R$color
vn.onlineoffice.www.oomessenger.R$dimen
vn.onlineoffice.www.oomessenger.R$drawable
vn.onlineoffice.www.oomessenger.R$id
vn.onlineoffice.www.oomessenger.R$integer
vn.onlineoffice.www.oomessenger.R$interpolator
vn.onlineoffice.www.oomessenger.R$layout
vn.onlineoffice.www.oomessenger.R$menu
vn.onlineoffice.www.oomessenger.R$mipmap
vn.onlineoffice.www.oomessenger.R$raw
vn.onlineoffice.www.oomessenger.R$string
vn.onlineoffice.www.oomessenger.R$style
vn.onlineoffice.www.oomessenger.R$styleable
vn.onlineoffice.www.oomessenger.R$xml
vn.onlineoffice.www.oomessenger.R
...
androidx.core.view.accessibility.AccessibilityNodeProviderCompat:
    public static final int HOST_VIEW_ID
    public void <init>()
    public void addExtraDataToAccessibilityNodeInfo(int,androidx.core.view.accessibility.AccessibilityNodeInfoCompat,java.lang.String,android.os.Bundle)
    public androidx.core.view.accessibility.AccessibilityNodeInfoCompat createAccessibilityNodeInfo(int)
    public java.util.List findAccessibilityNodeInfosByText(java.lang.String,int)
    public androidx.core.view.accessibility.AccessibilityNodeInfoCompat findFocus(int)
    public boolean performAction(int,int,android.os.Bundle)
androidx.core.view.accessibility.AccessibilityRecordCompat$Api15Impl:
    private void <init>()
androidx.core.view.accessibility.AccessibilityRecordCompat$Api16Impl
androidx.core.view.accessibility.AccessibilityRecordCompat:
    private final android.view.accessibility.AccessibilityRecord mRecord
    public void <init>(java.lang.Object)
    public boolean equals(java.lang.Object)
    public int getAddedCount()
    public java.lang.CharSequence getBeforeText()
    public java.lang.CharSequence getClassName()
    public java.lang.CharSequence getContentDescription()
    public int getCurrentItemIndex()
    public int getFromIndex()
    public java.lang.Object getImpl()
    public int getItemCount()
    public int getMaxScrollX()
    public static int getMaxScrollX(android.view.accessibility.AccessibilityRecord)
    public int getMaxScrollY()
    public static int getMaxScrollY(android.view.accessibility.AccessibilityRecord)
    public android.os.Parcelable getParcelableData()
    public int getRemovedCount()
    public int getScrollX()
    public int getScrollY()
    public androidx.core.view.accessibility.AccessibilityNodeInfoCompat getSource()
    public java.util.List getText()
    public int getToIndex()
    public int getWindowId()
    public int hashCode()
    public boolean isChecked()
    public boolean isEnabled()
    public boolean isFullScreen()
    public boolean isPassword()
    public boolean isScrollable()
    public static androidx.core.view.accessibility.AccessibilityRecordCompat obtain()
androidx.core.view.accessibility.AccessibilityViewCommand$CommandArguments:
    android.os.Bundle mBundle
    public void <init>()
androidx.core.view.accessibility.AccessibilityViewCommand$MoveAtGranularityArguments:
    public void <init>()
    public boolean getExtendSelection()
    public int getGranularity()
androidx.core.view.accessibility.AccessibilityViewCommand$MoveHtmlArguments:
    public void <init>()
    public java.lang.String getHTMLElement()
androidx.core.view.accessibility.AccessibilityViewCommand$MoveWindowArguments:
    public void <init>()
    public int getX()
    public int getY()
androidx.core.view.accessibility.AccessibilityViewCommand$ScrollToPositionArguments:
    public void <init>()
    public int getColumn()
    public int getRow()
androidx.core.view.accessibility.AccessibilityViewCommand$SetProgressArguments:
    public void <init>()
    public float getProgress()
androidx.core.view.accessibility.AccessibilityViewCommand$SetSelectionArguments:
    public void <init>()
    public int getEnd()
    public int getStart()
androidx.core.view.accessibility.AccessibilityViewCommand$SetTextArguments:
    public void <init>()
    public java.lang.CharSequence getText()
androidx.core.view.accessibility.AccessibilityWindowInfoCompat$Api21Impl
androidx.core.view.accessibility.AccessibilityWindowInfoCompat$Api24Impl
androidx.core.view.accessibility.AccessibilityWindowInfoCompat$Api33Impl
androidx.core.view.accessibility.AccessibilityWindowInfoCompat
androidx.core.view.animation.PathInterpolatorApi14
androidx.core.view.animation.PathInterpolatorCompat$Api21Impl
androidx.core.view.animation.PathInterpolatorCompat
androidx.core.view.inputmethod.EditorInfoCompat$Api30Impl
androidx.core.view.inputmethod.EditorInfoCompat
androidx.core.view.inputmethod.InputConnectionCompat$1